20	135113	135117	20	136532	136537	1	1.32698e-07	+	-	TYPE:DELETION	IDS:11,16	STRANDS:+-,16	MAX:20:135116;20:136535	95:20:135116-135116;20:136535-136535
20	135109	135130	20	136555	136577	2	3.63823e-10	-	+	TYPE:DUPLICATION	IDS:11,23	STRANDS:-+,23	MAX:20:135120;20:136577	95:20:135120-135120;20:136577-136577
20	594422	594443	20	594470	594492	3	2.08375e-05	+	-	TYPE:DELETION	IDS:11,10	STRANDS:+-,10	MAX:20:594433;20:594492	95:20:594433-594433;20:594492-594492
20	1069153	1069162	20	1069236	1069239	4	8.57984e-08	+	-	TYPE:DELETION	IDS:10,1;11,9	STRANDS:+-,10	MAX:20:1069159;20:1069237	95:20:1069159-1069159;20:1069237-1069237
20	1389142	1389149	20	1390808	1390817	5	1.14331e-70	+	-	TYPE:DELETION	IDS:10,28;11,7	STRANDS:+-,35	MAX:20:1389146;20:1390814	95:20:1389146-1389146;20:1390814-1390814
20	1561032	1561316	20	1593982	1594186	6	0.0025	+	-	TYPE:DELETION	IDS:10,9	STRANDS:+-,9	MAX:20:1561043;20:1594175	95:20:1561041-1561111;20:1594073-1594176
20	1592333	1592603	20	1895766	1895924	7	7.22787e-41	+	+	TYPE:INVERSION	IDS:10,16	STRANDS:++,16	MAX:20:1592344;20:1895777	95:20:1592343-1592455;20:1895774-1895803
20	2359698	2359701	20	2360611	2360616	8	1.71906e-53	-	+	TYPE:DUPLICATION	IDS:10,20;11,13	STRANDS:-+,33	MAX:20:2359701;20:2360614	95:20:2359701-2359701;20:2360614-2360614
20	2359952	2360263	20	2360352	2360609	9	9.80223e-35	+	-	TYPE:DELETION	IDS:10,13	STRANDS:+-,13	MAX:20:2359963;20:2360599	95:20:2359961-2360001;20:2360529-2360601
20	2803156	2803167	20	2806401	2806412	10	4.25158e-78	+	-	TYPE:DELETION	IDS:10,30;11,5	STRANDS:+-,35	MAX:20:2803162;20:2806409	95:20:2803162-2803162;20:2806409-2806409
20	2864005	2864026	20	2864320	2864325	11	7.4993e-09	+	-	TYPE:DELETION	IDS:10,1;11,13	STRANDS:+-,14	MAX:20:2864016;20:2864323	95:20:2864016-2864016;20:2864323-2864323
20	5279033	5279054	20	5279070	5279092	12	0.000112419	+	-	TYPE:DELETION	IDS:11,8	STRANDS:+-,8	MAX:20:5279044;20:5279092	95:20:5279044-5279044;20:5279092-5279092
20	5681638	5681659	20	5681689	5681711	13	0.000112419	+	-	TYPE:DELETION	IDS:11,8	STRANDS:+-,8	MAX:20:5681649;20:5681711	95:20:5681649-5681649;20:5681711-5681711
20	5942996	5943001	20	5943313	5943317	14	9.68219e-36	+	-	TYPE:DELETION	IDS:10,10;11,17	STRANDS:+-,27	MAX:20:5943000;20:5943316	95:20:5943000-5943000;20:5943316-5943316
20	6150949	6150969	20	6151273	6151288	15	3.0376e-56	+	-	TYPE:DELETION	IDS:10,18;11,25	STRANDS:+-,43	MAX:20:6150959;20:6151288	95:20:6150959-6150959;20:6151288-6151288
20	7274347	7274350	20	7274638	7274660	16	1.05881e-38	+	-	TYPE:DELETION	IDS:10,11;11,25	STRANDS:+-,36	MAX:20:7274350;20:7274660	95:20:7274350-7274350;20:7274660-7274660
20	8414036	8414042	20	8414452	8414458	17	1.63141e-65	+	-	TYPE:DELETION	IDS:10,25;11,11	STRANDS:+-,36	MAX:20:8414040;20:8414456	95:20:8414040-8414040;20:8414456-8414456
20	9149562	9149583	20	9149611	9149633	18	0.000112419	+	-	TYPE:DELETION	IDS:11,8	STRANDS:+-,8	MAX:20:9149573;20:9149633	95:20:9149573-9149573;20:9149633-9149633
20	9696758	9696779	20	9696804	9696826	19	3.08221e-07	+	-	TYPE:DELETION	IDS:11,15	STRANDS:+-,15	MAX:20:9696769;20:9696826	95:20:9696769-9696769;20:9696826-9696826
20	10304558	10304579	20	10304705	10304727	20	4.5591e-09	-	+	TYPE:DUPLICATION	IDS:11,20	STRANDS:-+,20	MAX:20:10304569;20:10304727	95:20:10304569-10304569;20:10304727-10304727
20	10493425	10493446	20	10493447	10493469	21	0.000112419	+	-	TYPE:DELETION	IDS:11,8	STRANDS:+-,8	MAX:20:10493436;20:10493469	95:20:10493436-10493436;20:10493469-10493469
20	11398584	11398605	20	11398617	11398639	22	3.86235e-06	+	-	TYPE:DELETION	IDS:11,12	STRANDS:+-,12	MAX:20:11398595;20:11398639	95:20:11398595-11398595;20:11398639-11398639
20	11517267	11517288	20	11517577	11517599	23	1.33725e-33	+	-	TYPE:DELETION	IDS:10,11;11,9	STRANDS:+-,20	MAX:20:11517278;20:11517599	95:20:11517278-11517278;20:11517599-11517599
20	13047702	13047708	20	13047725	13047745	24	3.21717e-23	+	-	TYPE:DELETION	IDS:11,21	STRANDS:+-,21	MAX:20:13047708;20:13047745	95:20:13047707-13047708;20:13047745-13047745
20	14529076	14529086	20	14529370	14529392	25	9.19692e-20	+	-	TYPE:DELETION	IDS:10,6;11,7	STRANDS:+-,13	MAX:20:14529082;20:14529392	95:20:14529082-14529082;20:14529392-14529392
20	15267132	15267153	20	15267165	15267187	26	0.000112419	+	-	TYPE:DELETION	IDS:11,8	STRANDS:+-,8	MAX:20:15267143;20:15267187	95:20:15267143-15267143;20:15267187-15267187
20	15827554	15827575	20	15827577	15827599	27	0.000112419	+	-	TYPE:DELETION	IDS:11,8	STRANDS:+-,8	MAX:20:15827565;20:15827599	95:20:15827565-15827565;20:15827599-15827599
20	16040290	16040311	20	16040384	16040406	28	0.000112419	+	-	TYPE:DELETION	IDS:11,8	STRANDS:+-,8	MAX:20:16040301;20:16040406	95:20:16040301-16040301;20:16040406-16040406
20	16421186	16421196	20	16421210	16421221	29	0.000261117	+	-	TYPE:DELETION	IDS:11,7	STRANDS:+-,7	MAX:20:16421192;20:16421216	95:20:16421192-16421192;20:16421216-16421216
20	17103446	17103453	20	17103762	17103784	30	5.08354e-14	+	-	TYPE:DELETION	IDS:10,3;11,12	STRANDS:+-,15	MAX:20:17103451;20:17103784	95:20:17103451-17103451;20:17103784-17103784
20	18027989	18028239	20	18028230	18028342	31	0.00294118	+	-	TYPE:DELETION	IDS:10,10	STRANDS:+-,10	MAX:20:18028000;20:18028331	95:20:18027998-18028056;20:18028288-18028333
20	18241409	18241736	20	18243162	18243384	32	9.0148e-44	-	+	TYPE:DUPLICATION	IDS:10,17	STRANDS:-+,17	MAX:20:18241726;20:18243168	95:20:18241681-18241726;20:18243168-18243232
20	18241680	18241948	20	18242684	18242977	33	8.90593e-06	+	-	TYPE:DELETION	IDS:10,17	STRANDS:+-,17	MAX:20:18241691;20:18242966	95:20:18241689-18241732;20:18242900-18242966
20	19170072	19170077	20	19170366	19170388	34	7.51454e-22	+	-	TYPE:DELETION	IDS:10,6;11,13	STRANDS:+-,19	MAX:20:19170076;20:19170388	95:20:19170076-19170076;20:19170388-19170388
20	21002764	21002785	20	21002783	21002805	35	0.000112419	+	-	TYPE:DELETION	IDS:11,8	STRANDS:+-,8	MAX:20:21002775;20:21002805	95:20:21002775-21002775;20:21002805-21002805
20	21190228	21190232	20	21190466	21190487	36	2.69413e-14	-	+	TYPE:DUPLICATION	IDS:10,3;11,15	STRANDS:-+,18	MAX:20:21190231;20:21190487	95:20:21190231-21190231;20:21190487-21190487
20	21849892	21849913	20	21850178	21850200	37	1.66286e-06	+	-	TYPE:DELETION	IDS:11,13	STRANDS:+-,13	MAX:20:21849903;20:21850200	95:20:21849903-21849903;20:21850200-21850200
20	22063945	22064154	20	22064420	22064442	38	1.18403e-24	-	-	TYPE:INVERSION	IDS:10,9	STRANDS:--,9	MAX:20:22064144;20:22064442	95:20:22064069-22064146;20:22064442-22064442
20	22629113	22629120	20	22629133	22629140	39	2.20279e-10	+	-	TYPE:DELETION	IDS:10,1;11,11	STRANDS:+-,12	MAX:20:22629118;20:22629137	95:20:22629118-22629118;20:22629137-22629137
20	23103235	23103238	20	23103292	23103314	40	0.000177621	+	+	TYPE:INVERSION	IDS:11,8	STRANDS:++,8	MAX:20:23103237;20:23103314	95:20:23103237-23103237;20:23103314-23103314
20	23103185	23103203	20	23103621	23103642	41	9.82462e-24	+	-	TYPE:DELETION	IDS:10,11;11,1	STRANDS:+-,12	MAX:20:23103193;20:23103642	95:20:23103190-23103195;20:23103642-23103642
20	23513129	23513150	20	23513163	23513185	42	7.15911e-07	+	-	TYPE:DELETION	IDS:11,14	STRANDS:+-,14	MAX:20:23513140;20:23513185	95:20:23513140-23513140;20:23513185-23513185
20	23683199	23683399	20	23746146	23746519	43	6.52346e-27	-	+	TYPE:DUPLICATION	IDS:10,10	STRANDS:-+,10	MAX:20:23683389;20:23746157	95:20:23683283-23683390;20:23746155-23746236
20	23683543	23683848	20	23746110	23746313	44	3.25559e-29	+	-	TYPE:DELETION	IDS:10,11	STRANDS:+-,11	MAX:20:23683554;20:23746302	95:20:23683553-23683677;20:23746238-23746303
20	23698997	23699272	20	23774797	23774978	45	8.59589e-20	-	+	TYPE:DUPLICATION	IDS:10,7	STRANDS:-+,7	MAX:20:23699262;20:23774808	95:20:23699140-23699264;20:23774805-23774862
20	23644147	23644511	20	23774717	23774935	46	7.62013e-20	+	-	TYPE:DELETION	IDS:10,7	STRANDS:+-,7	MAX:20:23644158;20:23774924	95:20:23644157-23644293;20:23774831-23774926
20	23699484	23699773	20	23774683	23774925	47	2.62671e-22	+	-	TYPE:DELETION	IDS:10,8	STRANDS:+-,8	MAX:20:23699495;20:23774914	95:20:23699494-23699567;20:23774842-23774916
20	24388718	24388957	20	24389395	24389551	48	2.11277e-65	+	-	TYPE:DELETION	IDS:10,26	STRANDS:+-,26	MAX:20:24388729;20:24389540	95:20:24388727-24388754;20:24389504-24389541
20	25583141	25583444	20	25583453	25583612	49	6.7913e-27	+	-	TYPE:DELETION	IDS:10,10	STRANDS:+-,10	MAX:20:25583152;20:25583601	95:20:25583150-25583247;20:25583535-25583603
20	30899238	30899239	20	30899531	30899533	50	3.39997e-32	+	-	TYPE:DELETION	IDS:10,7;11,38	STRANDS:+-,45	MAX:20:30899239;20:30899532	95:20:30899239-30899239;20:30899532-30899532
20	31310874	31310887	20	31312770	31312783	51	1.58594e-25	+	-	TYPE:DELETION	IDS:10,9;11,5	STRANDS:+-,14	MAX:20:31310881;20:31312778	95:20:31310881-31310881;20:31312778-31312778
20	31327339	31327545	20	31327770	31328056	52	1.71047e-48	+	-	TYPE:DELETION	IDS:10,19	STRANDS:+-,19	MAX:20:31327350;20:31328045	95:20:31327348-31327399;20:31327995-31328046
20	31525482	31525495	20	31529378	31529392	53	3.37876e-77	+	-	TYPE:DELETION	IDS:10,31;11,2	STRANDS:+-,33	MAX:20:31525486;20:31529389	95:20:31525485-31525487;20:31529387-31529389
20	42481270	42481595	20	42483686	42483764	54	7.31738e-77	+	-	TYPE:DELETION	IDS:10,31	STRANDS:+-,31	MAX:20:42481281;20:42483764	95:20:42481279-42481319;20:42483764-42483764
20	32231564	32231585	20	32231596	32231618	55	2.08375e-05	+	-	TYPE:DELETION	IDS:11,10	STRANDS:+-,10	MAX:20:32231575;20:32231618	95:20:32231575-32231575;20:32231618-32231618
20	32815920	32816187	20	32819095	32819227	56	1.38603e-126	+	-	TYPE:DELETION	IDS:10,52	STRANDS:+-,52	MAX:20:32815931;20:32819225	95:20:32815928-32815950;20:32819197-32819225
20	33115828	33115831	20	33116133	33116155	57	1.94332e-84	+	-	TYPE:DELETION	IDS:10,29;11,28	STRANDS:+-,57	MAX:20:33115831;20:33116144	95:20:33115831-33115831;20:33116144-33116144
20	33621658	33621672	20	33621967	33621971	58	1.10312e-64	+	-	TYPE:DELETION	IDS:10,20;11,30	STRANDS:+-,50	MAX:20:33621666;20:33621970	95:20:33621666-33621666;20:33621970-33621970
20	35815612	35815633	20	35815917	35815923	59	1.04677e-32	+	-	TYPE:DELETION	IDS:10,10;11,15	STRANDS:+-,25	MAX:20:35815623;20:35815921	95:20:35815623-35815623;20:35815921-35815921
20	36750804	36750812	20	36750863	36750872	60	4.83996e-05	+	-	TYPE:DELETION	IDS:11,9	STRANDS:+-,9	MAX:20:36750809;20:36750868	95:20:36750809-36750809;20:36750868-36750868
20	37055109	37055113	20	37055799	37055821	61	3.22364e-66	+	-	TYPE:DELETION	IDS:10,24;11,13	STRANDS:+-,37	MAX:20:37055112;20:37055821	95:20:37055112-37055112;20:37055821-37055821
20	37780875	37780896	20	37780908	37780930	62	1.66286e-06	+	-	TYPE:DELETION	IDS:11,13	STRANDS:+-,13	MAX:20:37780886;20:37780930	95:20:37780886-37780886;20:37780930-37780930
20	38149438	38149446	20	38149445	38149466	63	4.96096e-05	+	-	TYPE:DELETION	IDS:11,9	STRANDS:+-,9	MAX:20:38149443;20:38149466	95:20:38149443-38149443;20:38149466-38149466
20	41791255	41791276	20	41791436	41791458	64	3.08221e-07	+	-	TYPE:DELETION	IDS:11,15	STRANDS:+-,15	MAX:20:41791266;20:41791458	95:20:41791266-41791266;20:41791458-41791458
20	42024608	42024614	20	42025781	42025803	65	3.3323e-149	+	-	TYPE:DELETION	IDS:10,60;11,9	STRANDS:+-,69	MAX:20:42024612;20:42025803	95:20:42024612-42024612;20:42025803-42025803
20	42271887	42272148	20	42274455	42274607	66	6.03652e-05	+	-	TYPE:DELETION	IDS:10,11	STRANDS:+-,11	MAX:20:42271898;20:42274596	95:20:42271897-42271953;20:42274542-42274598
20	42325015	42325117	20	42325641	42325924	67	8.61958e-120	-	+	TYPE:DUPLICATION	IDS:10,48	STRANDS:-+,48	MAX:20:42325113;20:42325924	95:20:42325098-42325114;20:42325924-42325924
20	42676122	42676301	20	42676442	42676553	68	4.57013e-74	+	-	TYPE:DELETION	IDS:10,30	STRANDS:+-,30	MAX:20:42676127;20:42676553	95:20:42676127-42676178;20:42676553-42676553
20	44535387	44535535	20	44535706	44535794	69	2.87337e-56	+	-	TYPE:DELETION	IDS:10,21	STRANDS:+-,21	MAX:20:44535398;20:44535783	95:20:44535395-44535421;20:44535751-44535786
20	45463428	45463436	20	45463475	45463484	70	0.0476233	+	-	TYPE:DELETION	IDS:11,9	STRANDS:+-,9	MAX:20:45463433;20:45463480	95:20:45463433-45463433;20:45463480-45463480
20	46843075	46843269	20	47214393	47214605	71	4.46284e-54	-	-	TYPE:INVERSION	IDS:10,22	STRANDS:--,22	MAX:20:46843260;20:47214594	95:20:46843210-46843262;20:47214522-47214595
20	48450779	48450795	20	48451039	48451051	72	1.29983e-26	-	-	TYPE:INVERSION	IDS:10,24;11,1	STRANDS:++,7;--,18	MAX:20:48450789;20:48451051	95:20:48450786-48450790;20:48451051-48451051
20	48543726	48543747	20	48543804	48543826	73	2.08375e-05	+	-	TYPE:DELETION	IDS:11,10	STRANDS:+-,10	MAX:20:48543737;20:48543826	95:20:48543737-48543737;20:48543826-48543826
20	50492127	50492161	20	50492358	50492519	74	0.00306748	+	-	TYPE:DELETION	IDS:10,7	STRANDS:+-,7	MAX:20:50492130;20:50492508	95:20:50492120-50492153;20:50492442-50492510
20	50759233	50759355	20	50760801	50760935	75	0.000454532	+	-	TYPE:DELETION	IDS:10,36	STRANDS:+-,36	MAX:20:50759244;20:50760928	95:20:50759241-50759262;20:50760906-50760928
20	51073500	51073505	20	51073523	51073528	76	4.98327e-14	+	-	TYPE:DELETION	IDS:10,1;11,19	STRANDS:+-,20	MAX:20:51073504;20:51073526	95:20:51073504-51073504;20:51073526-51073526
20	52480216	52480237	20	52480317	52480339	77	2.08375e-05	+	-	TYPE:DELETION	IDS:11,10	STRANDS:+-,10	MAX:20:52480227;20:52480339	95:20:52480227-52480227;20:52480339-52480339
20	52647067	52647071	20	52657999	52658003	78	9.43037e-74	+	-	TYPE:DELETION	IDS:10,27;11,16	STRANDS:+-,43	MAX:20:52647070;20:52658002	95:20:52647070-52647070;20:52658002-52658002
20	52864865	52864886	20	52864901	52864923	79	0.000112419	+	-	TYPE:DELETION	IDS:11,8	STRANDS:+-,8	MAX:20:52864876;20:52864923	95:20:52864876-52864876;20:52864923-52864923
20	52866243	52866262	20	52867336	52867345	80	2.33524e-47	+	-	TYPE:DELETION	IDS:10,18;11,7	STRANDS:+-,25	MAX:20:52866252;20:52867342	95:20:52866252-52866252;20:52867342-52867342
20	53292654	53292675	20	53292962	53292966	81	6.11004e-51	+	-	TYPE:DELETION	IDS:10,16;11,19	STRANDS:+-,35	MAX:20:53292665;20:53292965	95:20:53292665-53292665;20:53292965-53292965
20	54434615	54434633	20	54440612	54440618	82	1.33193e-78	+	-	TYPE:DELETION	IDS:10,30;11,13	STRANDS:+-,43	MAX:20:54434623;20:54440616	95:20:54434623-54434623;20:54440616-54440616
20	56079251	56079561	20	56080407	56080531	83	0.00296736	+	-	TYPE:DELETION	IDS:10,17	STRANDS:+-,17	MAX:20:56079262;20:56080520	95:20:56079260-56079300;20:56080469-56080522
20	58360911	58360921	20	58360950	58360961	84	0.000261117	+	-	TYPE:DELETION	IDS:11,7	STRANDS:+-,7	MAX:20:58360917;20:58360956	95:20:58360917-58360917;20:58360956-58360956
20	58889482	58889502	20	58889501	58889523	85	2.35853e-05	+	-	TYPE:DELETION	IDS:11,8	STRANDS:+-,8	MAX:20:58889492;20:58889523	95:20:58889492-58889492;20:58889523-58889523
20	59676843	59676945	20	59677556	59677754	86	8.09878e-28	-	+	TYPE:DUPLICATION	IDS:10,10	STRANDS:-+,10	MAX:20:59676935;20:59677567	95:20:59676898-59676938;20:59677565-59677636
20	59804684	59804703	20	59804713	59804732	87	2.32451e-08	+	-	TYPE:DELETION	IDS:11,16	STRANDS:+-,16	MAX:20:59804693;20:59804732	95:20:59804693-59804693;20:59804732-59804732
20	59848332	59848595	20	59849666	59849932	88	8.13698e-43	-	+	TYPE:DUPLICATION	IDS:10,16	STRANDS:-+,16	MAX:20:59848585;20:59849677	95:20:59848559-59848588;20:59849676-59849779
20	59974177	59974180	20	59974484	59974488	89	2.68908e-60	+	-	TYPE:DELETION	IDS:10,18;11,29	STRANDS:+-,47	MAX:20:59974180;20:59974487	95:20:59974180-59974180;20:59974487-59974487
20	60526299	60526303	20	60526582	60526604	90	1.14663e-26	+	-	TYPE:DELETION	IDS:10,8;11,16	STRANDS:+-,24	MAX:20:60526302;20:60526604	95:20:60526302-60526302;20:60526604-60526604
20	60570627	60570648	20	60570932	60570954	91	5.97967e-43	+	-	TYPE:DELETION	IDS:10,12;11,30	STRANDS:+-,42	MAX:20:60570638;20:60570954	95:20:60570638-60570638;20:60570954-60570954
20	61304245	61304254	20	61305133	61305141	92	2.6821e-69	+	-	TYPE:DELETION	IDS:10,27;11,7	STRANDS:+-,34	MAX:20:61304250;20:61305139	95:20:61304250-61304250;20:61305139-61305139
20	61724695	61724699	20	61725594	61725598	93	5.21868e-143	+	-	TYPE:DELETION	IDS:10,56;11,17	STRANDS:+-,73	MAX:20:61724698;20:61725597	95:20:61724698-61724698;20:61725597-61725597
20	61789801	61789822	20	61789943	61789965	94	5.30787e-09	-	+	TYPE:DUPLICATION	IDS:10,2;11,7	STRANDS:-+,9	MAX:20:61789812;20:61789965	95:20:61789812-61789812;20:61789965-61789965
20	61988511	61988515	20	61988537	61988542	95	2.45965e-08	+	-	TYPE:DELETION	IDS:11,18	STRANDS:+-,18	MAX:20:61988514;20:61988540	95:20:61988514-61988514;20:61988540-61988540
20	62267526	62267737	20	62267937	62268040	96	6.29359e-53	+	-	TYPE:DELETION	IDS:10,21	STRANDS:+-,21	MAX:20:62267537;20:62268029	95:20:62267535-62267594;20:62267989-62268031
20	62596222	62596496	20	62597154	62597451	97	5.05671e-37	+	-	TYPE:DELETION	IDS:10,14	STRANDS:+-,14	MAX:20:62596233;20:62597440	95:20:62596230-62596261;20:62597399-62597442
20	62899492	62899499	20	62903553	62903560	98	2.86038e-11	+	-	TYPE:DELETION	IDS:10,2;11,11	STRANDS:+-,13	MAX:20:62899497;20:62903557	95:20:62899497-62899497;20:62903557-62903557
20	62899503	62899507	20	62903589	62903604	99	6.31736e-09	-	+	TYPE:DUPLICATION	IDS:10,1;11,13	STRANDS:-+,14	MAX:20:62899506;20:62903604	95:20:62899506-62899506;20:62903604-62903604
3	48251824	48252110	20	37052143	37052478	100	7.79331e-20	-	+	TYPE:INTERCHROM	IDS:10,7	STRANDS:-+,7	MAX:3:48252100;20:37052478	95:3:48251960-48252101;20:37052478-37052478
3	124808359	124808632	20	31535631	31535929	101	inf	-	-	TYPE:INTERCHROM	IDS:10,15	STRANDS:--,15	MAX:3:124808629;20:31535925	95:3:124808522-124808629;20:31535797-31535926
3	74801691	74802029	20	61263235	61263401	102	1.7825e-26	+	-	TYPE:INTERCHROM	IDS:10,10	STRANDS:+-,10	MAX:3:74801696;20:61263401	95:3:74801696-74801840;20:61263401-61263401
4	83809546	83809553	20	44386198	44386203	103	3.40868e-28	+	-	TYPE:INTERCHROM	IDS:10,9;11,10	STRANDS:+-,19	MAX:4:83809551;20:44386202	95:4:83809551-83809551;20:44386202-44386202
6	25219778	25219780	20	37312543	37312546	104	1.96283e-09	-	+	TYPE:INTERCHROM	IDS:11,21	STRANDS:-+,21	MAX:6:25219780;20:37312545	95:6:25219780-25219780;20:37312545-37312545
7	57706685	57706927	20	25834845	25835098	105	1.27982e-38	-	+	TYPE:INTERCHROM	IDS:10,15	STRANDS:-+,15	MAX:7:57706917;20:25834856	95:7:57706812-57706918;20:25834854-25834944
7	57717065	57717255	20	26234123	26234303	106	3.21416e-62	-	+	TYPE:INTERCHROM	IDS:10,25	STRANDS:-+,25	MAX:7:57717245;20:26234134	95:7:57717177-57717247;20:26234132-26234184
8	88268652	88268953	20	24198778	24199162	107	5.04378e-20	-	+	TYPE:INTERCHROM	IDS:10,7	STRANDS:-+,7	MAX:8:88268944;20:24198784	95:8:88268876-88268946;20:24198784-24198941
8	83029906	83029914	20	35024746	35024755	108	1.69959e-06	-	-	TYPE:INTERCHROM	IDS:11,9	STRANDS:--,9	MAX:8:83029911;20:35024751	95:8:83029911-83029912;20:35024751-35024751
8	141734830	141735355	20	35270532	35270798	109	6.09082e-34	-	+	TYPE:INTERCHROM	IDS:10,13	STRANDS:-+,13	MAX:8:141735345;20:35270543	95:8:141735211-141735345;20:35270541-35270632
11	41093820	41093840	20	44244708	44244723	110	3.93505e-31	+	+	TYPE:INTERCHROM	IDS:10,12;11,1	STRANDS:++,13	MAX:11:41093831;20:44244723	95:11:41093828-41093834;20:44244723-44244723
11	41093749	41093842	20	44244371	44244582	111	0.00137211	-	-	TYPE:INTERCHROM	IDS:10,14	STRANDS:--,14	MAX:11:41093832;20:44244571	95:11:41093797-41093835;20:44244470-44244572
12	7355760	7355781	20	41564375	41564388	112	9.4787e-16	+	+	TYPE:INTERCHROM	IDS:10,5;11,5	STRANDS:++,10	MAX:12:7355771;20:41564381	95:12:7355771-7355771;20:41564381-41564381
12	169918	170276	20	62965416	62965789	113	7.72587e-20	+	+	TYPE:INTERCHROM	IDS:10,7	STRANDS:++,7	MAX:12:169929;20:62965427	95:12:169928-170052;20:62965426-62965564
14	46324003	46324369	20	6349138	6349597	114	0.00218341	+	+	TYPE:INTERCHROM	IDS:10,10	STRANDS:++,10	MAX:14:46324014;20:6349149	95:14:46324012-46324101;20:6349148-6349268
14	31982711	31983094	20	35270424	35270617	115	1.60668e-19	+	-	TYPE:INTERCHROM	IDS:10,7	STRANDS:+-,7	MAX:14:31982717;20:35270617	95:14:31982717-31982874;20:35270617-35270618
15	45277810	45277818	20	6645830	6645852	116	inf	-	+	TYPE:INTERCHROM	IDS:10,7;11,5	STRANDS:-+,12	MAX:15:45277812;20:6645852	95:15:45277811-45277815;20:6645852-6645852
15	99346746	99346756	20	43508778	43508789	117	0.000261117	+	-	TYPE:INTERCHROM	IDS:11,7	STRANDS:+-,7	MAX:15:99346752;20:43508784	95:15:99346752-99346752;20:43508784-43508784
15	99630141	99630156	20	45316268	45316290	118	9.83842e-09	+	-	TYPE:INTERCHROM	IDS:10,2;11,5	STRANDS:+-,7	MAX:15:99630150;20:45316290	95:15:99630150-99630150;20:45316290-45316290
17	48277047	48277068	20	3073817	3073839	119	0.000112419	-	+	TYPE:INTERCHROM	IDS:11,8	STRANDS:-+,8	MAX:17:48277058;20:3073839	95:17:48277058-48277058;20:3073839-3073839
17	48277087	48277108	20	3073799	3073821	120	3.86235e-06	+	-	TYPE:INTERCHROM	IDS:11,12	STRANDS:+-,12	MAX:17:48277098;20:3073810	95:17:48277098-48277098;20:3073810-3073810
18	42707836	42708361	20	43033409	43033788	121	1.45503e-33	+	+	TYPE:INTERCHROM	IDS:10,13	STRANDS:++,13	MAX:18:42707847;20:43033788	95:18:42707847-42707981;20:43033788-43033788
20	43976591	43977116	22	20255697	20255846	122	7.30518e-20	-	-	TYPE:INTERCHROM	IDS:10,7	STRANDS:--,7	MAX:20:43977106;22:20255846	95:20:43976949-43977106;22:20255846-20255846
20	55238849	55239229	22	23852525	23852902	123	3.32207e-22	-	+	TYPE:INTERCHROM	IDS:10,8	STRANDS:-+,8	MAX:20:55239219;22:23852536	95:20:55239073-55239219;22:23852534-23852604
20	11281469	11281772	X	81651371	81651682	124	7.22011e-27	+	+	TYPE:INTERCHROM	IDS:10,10	STRANDS:++,10	MAX:20:11281479;X:81651380	95:20:11281477-11281578;X:81651380-81651492
20	11281572	11281593	X	81651223	81651245	125	1.71078e-57	-	-	TYPE:INTERCHROM	IDS:10,21;11,15	STRANDS:--,36	MAX:20:11281583;X:81651245	95:20:11281583-11281583;X:81651245-81651245
20	2199049	2199059	X	125608467	125608478	126	0.000261117	-	+	TYPE:INTERCHROM	IDS:11,7	STRANDS:-+,7	MAX:20:2199055;X:125608473	95:20:2199055-2199055;X:125608473-125608473
